<?xml version="1.0" encoding="UTF-8"?>
<!-- Generated by org.testng.reporters.JUnitReportReporter -->
<testsuite hostname="LAPTOP-MAF9B4L5" name="maven.TestCase1" tests="1" failures="0" timestamp="29 May 2021 09:29:57 GMT" time="0.015" errors="0">
  <testcase name="testMethod" time="0.015" classname="maven.TestCase1"/>
</testsuite> <!-- maven.TestCase1 -->
